# JRE version: Java(TM) SE Runtime Environment 18.9 (11.0.7+8) (build 11.0.7+8-LTS)
# Java VM: Java HotSpot(TM) 64-Bit Server VM 18.9 (11.0.7+8-LTS, mixed mode, tiered, compressed oops, g1 gc, windows-amd64)
Heap:
 garbage-first heap   total 312320K, used 19917K [0x0000000702000000, 0x0000000800000000)
  region size 1024K, 9 young (9216K), 9 survivors (9216K)
 Metaspace       used 34754K, capacity 35812K, committed 35920K, reserved 1081344K
  class space    used 4421K, capacity 4848K, committed 4864K, reserved 1048576K
GC Heap History (10 events):
Event: 2.353 GC heap after
{Heap after GC invocations=6 (full 0):
 garbage-first heap   total 260096K, used 11479K [0x0000000702000000, 0x0000000800000000)
  region size 1024K, 1 young (1024K), 1 survivors (1024K)
 Metaspace       used 14333K, capacity 14755K, committed 15104K, reserved 1062912K
  class space    used 1510K, capacity 1666K, committed 1792K, reserved 1048576K
}
Event: 3.352 GC heap before
{Heap before GC invocations=6 (full 0):
 garbage-first heap   total 260096K, used 66775K [0x0000000702000000, 0x0000000800000000)
  region size 1024K, 56 young (57344K), 1 survivors (1024K)
 Metaspace       used 19536K, capacity 20110K, committed 20224K, reserved 1067008K
  class space    used 2290K, capacity 2499K, committed 2560K, reserved 1048576K
}
Event: 3.357 GC heap after
{Heap after GC invocations=7 (full 0):
 garbage-first heap   total 260096K, used 12861K [0x0000000702000000, 0x0000000800000000)
  region size 1024K, 3 young (3072K), 3 survivors (3072K)
 Metaspace       used 19536K, capacity 20110K, committed 20224K, reserved 1067008K
  class space    used 2290K, capacity 2499K, committed 2560K, reserved 1048576K
}
Event: 3.391 GC heap before
{Heap before GC invocations=7 (full 0):
 garbage-first heap   total 260096K, used 15933K [0x0000000702000000, 0x0000000800000000)
  region size 1024K, 7 young (7168K), 3 survivors (3072K)
 Metaspace       used 20606K, capacity 21163K, committed 21296K, reserved 1069056K
  class space    used 2418K, capacity 2641K, committed 2688K, reserved 1048576K
}
Event: 3.395 GC heap after
{Heap after GC invocations=8 (full 0):
 garbage-first heap   total 260096K, used 13086K [0x0000000702000000, 0x0000000800000000)
  region size 1024K, 3 young (3072K), 3 survivors (3072K)
 Metaspace       used 20606K, capacity 21163K, committed 21296K, reserved 1069056K
  class space    used 2418K, capacity 2641K, committed 2688K, reserved 1048576K
}
Event: 4.333 GC heap before
{Heap before GC invocations=9 (full 0):
 garbage-first heap   total 260096K, used 118558K [0x0000000702000000, 0x0000000800000000)
  region size 1024K, 107 young (109568K), 3 survivors (3072K)
 Metaspace       used 29090K, capacity 29993K, committed 30256K, reserved 1075200K
  class space    used 3597K, capacity 3939K, committed 3968K, reserved 1048576K
}
Event: 4.342 GC heap after
{Heap after GC invocations=10 (full 0):
 garbage-first heap   total 260096K, used 15687K [0x0000000702000000, 0x0000000800000000)
  region size 1024K, 5 young (5120K), 5 survivors (5120K)
 Metaspace       used 29090K, capacity 29993K, committed 30256K, reserved 1075200K
  class space    used 3597K, capacity 3939K, committed 3968K, reserved 1048576K
}
Event: 5.710 GC heap before
{Heap before GC invocations=10 (full 0):
 garbage-first heap   total 260096K, used 166215K [0x0000000702000000, 0x0000000800000000)
  region size 1024K, 152 young (155648K), 5 survivors (5120K)
 Metaspace       used 34745K, capacity 35812K, committed 35920K, reserved 1081344K
  class space    used 4420K, capacity 4848K, committed 4864K, reserved 1048576K
}
Event: 5.727 GC heap after
{Heap after GC invocations=11 (full 0):
 garbage-first heap   total 260096K, used 20312K [0x0000000702000000, 0x0000000800000000)
  region size 1024K, 10 young (10240K), 10 survivors (10240K)
 Metaspace       used 34745K, capacity 35812K, committed 35920K, reserved 1081344K
  class space    used 4420K, capacity 4848K, committed 4864K, reserved 1048576K
}
Event: 5.736 GC heap before
{Heap before GC invocations=11 (full 0):
 garbage-first heap   total 260096K, used 20312K [0x0000000702000000, 0x0000000800000000)
  region size 1024K, 11 young (11264K), 10 survivors (10240K)
 Metaspace       used 34754K, capacity 35812K, committed 35920K, reserved 1081344K
  class space    used 4421K, capacity 4848K, committed 4864K, reserved 1048576K
}

