# JRE version: Java(TM) SE Runtime Environment 18.9 (11.0.7+8) (build 11.0.7+8-LTS)
# Java VM: Java HotSpot(TM) 64-Bit Server VM 18.9 (11.0.7+8-LTS, mixed mode, tiered, compressed oops, g1 gc, windows-amd64)
Heap:
 garbage-first heap   total 312320K, used 155975K [0x0000000702000000, 0x0000000800000000)
  region size 1024K, 144 young (147456K), 12 survivors (12288K)
 Metaspace       used 42229K, capacity 43656K, committed 43984K, reserved 1087488K
  class space    used 5321K, capacity 5878K, committed 5964K, reserved 1048576K
GC Heap History (10 events):
Event: 2.419 GC heap before
{Heap before GC invocations=4 (full 0):
 garbage-first heap   total 260096K, used 36954K [0x0000000702000000, 0x0000000800000000)
  region size 1024K, 27 young (27648K), 1 survivors (1024K)
 Metaspace       used 14316K, capacity 14691K, committed 14848K, reserved 1062912K
  class space    used 1513K, capacity 1666K, committed 1792K, reserved 1048576K
}
Event: 2.421 GC heap after
{Heap after GC invocations=5 (full 0):
 garbage-first heap   total 260096K, used 11295K [0x0000000702000000, 0x0000000800000000)
  region size 1024K, 1 young (1024K), 1 survivors (1024K)
 Metaspace       used 14316K, capacity 14691K, committed 14848K, reserved 1062912K
  class space    used 1513K, capacity 1666K, committed 1792K, reserved 1048576K
}
Event: 3.402 GC heap before
{Heap before GC invocations=5 (full 0):
 garbage-first heap   total 260096K, used 108575K [0x0000000702000000, 0x0000000800000000)
  region size 1024K, 98 young (100352K), 1 survivors (1024K)
 Metaspace       used 20622K, capacity 21188K, committed 21296K, reserved 1069056K
  class space    used 2426K, capacity 2670K, committed 2688K, reserved 1048576K
}
Event: 3.407 GC heap after
{Heap after GC invocations=6 (full 0):
 garbage-first heap   total 260096K, used 12854K [0x0000000702000000, 0x0000000800000000)
  region size 1024K, 3 young (3072K), 3 survivors (3072K)
 Metaspace       used 20622K, capacity 21188K, committed 21296K, reserved 1069056K
  class space    used 2426K, capacity 2670K, committed 2688K, reserved 1048576K
}
Event: 4.839 GC heap before
{Heap before GC invocations=7 (full 0):
 garbage-first heap   total 260096K, used 164406K [0x0000000702000000, 0x0000000800000000)
  region size 1024K, 152 young (155648K), 3 survivors (3072K)
 Metaspace       used 29436K, capacity 30340K, committed 30588K, reserved 1075200K
  class space    used 3656K, capacity 4011K, committed 4044K, reserved 1048576K
}
Event: 4.851 GC heap after
{Heap after GC invocations=8 (full 0):
 garbage-first heap   total 260096K, used 17256K [0x0000000702000000, 0x0000000800000000)
  region size 1024K, 7 young (7168K), 7 survivors (7168K)
 Metaspace       used 29436K, capacity 30340K, committed 30588K, reserved 1075200K
  class space    used 3656K, capacity 4011K, committed 4044K, reserved 1048576K
}
Event: 5.931 GC heap before
{Heap before GC invocations=8 (full 0):
 garbage-first heap   total 260096K, used 123752K [0x0000000702000000, 0x0000000800000000)
  region size 1024K, 112 young (114688K), 7 survivors (7168K)
 Metaspace       used 34844K, capacity 35910K, committed 36048K, reserved 1081344K
  class space    used 4434K, capacity 4880K, committed 4940K, reserved 1048576K
}
Event: 5.944 GC heap after
{Heap after GC invocations=9 (full 0):
 garbage-first heap   total 260096K, used 20295K [0x0000000702000000, 0x0000000800000000)
  region size 1024K, 10 young (10240K), 10 survivors (10240K)
 Metaspace       used 34844K, capacity 35910K, committed 36048K, reserved 1081344K
  class space    used 4434K, capacity 4880K, committed 4940K, reserved 1048576K
}
Event: 6.567 GC heap before
{Heap before GC invocations=10 (full 0):
 garbage-first heap   total 260096K, used 164679K [0x0000000702000000, 0x0000000800000000)
  region size 1024K, 152 young (155648K), 10 survivors (10240K)
 Metaspace       used 39355K, capacity 40713K, committed 40912K, reserved 1085440K
  class space    used 5016K, capacity 5578K, committed 5708K, reserved 1048576K
}
Event: 6.587 GC heap after
{Heap after GC invocations=11 (full 0):
 garbage-first heap   total 312320K, used 22855K [0x0000000702000000, 0x0000000800000000)
  region size 1024K, 12 young (12288K), 12 survivors (12288K)
 Metaspace       used 39355K, capacity 40713K, committed 40912K, reserved 1085440K
  class space    used 5016K, capacity 5578K, committed 5708K, reserved 1048576K
}

